New Process started on 3/14 at 9:20
TIGER 2006 Second Edition
directory C:\Users\albert\Desktop\tiger2006se\TGR51001 created
Second Edition TIGER 2004
Could not open Type B file. No Census CQ poygons will be produced
Wrote 32478 lines to shape C:\Users\albert\Desktop\tiger2006se\TGR51001\TGR51001links
Wrote 24833 nodes to shape C:\Users\albert\Desktop\tiger2006se\TGR51001\TGR51001nodes.shp
Wrote 8958 polygons to C:\Users\albert\Desktop\tiger2006se\TGR51001\TGR51001all.shp
Wrote 8958 Polygon Centroids to shape C:\Users\albert\Desktop\tiger2006se\TGR51001\TGR51001cen.shp
Wrote 44603 Metadata records to file C:\Users\albert\Desktop\tiger2006se\TGR51001\TGR51001met.dbf
Process ended on 3/14 at 9:20


New Process started on 3/14 at 9:35
TIGER 2006 Second Edition
directory C:\Users\albert\Desktop\tiger2006se\TGR51001 created
Second Edition TIGER 2004
Could not open Type B file. No Census CQ poygons will be produced
Wrote 32478 lines to shape C:\Users\albert\Desktop\tiger2006se\TGR51001\TGR51001links
Wrote 24833 nodes to shape C:\Users\albert\Desktop\tiger2006se\TGR51001\TGR51001nodes.shp
Wrote 8958 polygons to C:\Users\albert\Desktop\tiger2006se\TGR51001\TGR51001all.shp
Wrote 8958 Polygon Centroids to shape C:\Users\albert\Desktop\tiger2006se\TGR51001\TGR51001cen.shp
Wrote 44603 Metadata records to file C:\Users\albert\Desktop\tiger2006se\TGR51001\TGR51001met.dbf
Process ended on 3/14 at 9:35


